\BOOKMARK [1][-]{section.1}{\376\377\200\314\146\157\116\016\170\024\172\166\122\250\147\072}{}% 1
\BOOKMARK [2][-]{subsection.1.1}{\376\377\116\163\201\172\166\114\155\101\210\114\165\305\133\146\116\016\122\006\133\120\137\002\215\050\140\047\143\021\142\030}{section.1}% 2
\BOOKMARK [2][-]{subsection.1.2}{\376\377\000P\000A\000M\0005\0000\122\006\133\120\116\232\127\213\174\373\176\337\166\204\136\372\172\313\116\016\116\064\136\212\116\367\120\074}{section.1}% 3
\BOOKMARK [2][-]{subsection.1.3}{\376\377\123\125\116\000\176\304\133\146\145\160\143\156\166\204\210\150\127\213\211\343\221\312\134\100\226\120\140\047}{section.1}% 4
\BOOKMARK [2][-]{subsection.1.4}{\376\377\131\032\176\304\133\146\207\215\124\010\145\271\154\325\166\204\123\321\134\125\217\150\217\371\116\016\136\224\165\050\157\134\122\233}{section.1}% 5
\BOOKMARK [2][-]{subsection.1.5}{\376\377\147\054\170\024\172\166\166\204\171\321\133\146\213\276\213\241\116\016\150\070\137\303\225\356\230\230}{section.1}% 6
\BOOKMARK [1][-]{section.2}{\376\377\166\370\121\163\135\345\117\134}{}% 7
\BOOKMARK [2][-]{subsection.2.1}{\376\377\000T\000C\000G\000A\000\040\232\161\122\250\166\204\166\114\165\307\122\006\127\213\170\024\172\166}{section.2}% 8
\BOOKMARK [2][-]{subsection.2.2}{\376\377\131\032\176\304\133\146\207\215\124\010\166\204\176\317\121\170\215\357\176\277}{section.2}% 9
\BOOKMARK [2][-]{subsection.2.3}{\376\377\000M\000O\000F\000A\000\040\116\016\157\134\127\050\126\340\133\120\133\146\116\140}{section.2}% 10
\BOOKMARK [2][-]{subsection.2.4}{\376\377\126\376\171\136\176\317\177\121\176\334\116\016\146\364\136\177\116\111\166\204\000\040\000A\000I\000\040\145\271\154\325}{section.2}% 11
\BOOKMARK [2][-]{subsection.2.5}{\376\377\147\054\145\207\166\204\117\115\177\156}{section.2}% 12
\BOOKMARK [1][-]{section.3}{\376\377\145\160\143\156\147\145\156\220\116\016\230\204\131\004\164\006}{}% 13
\BOOKMARK [2][-]{subsection.3.1}{\376\377\000T\000C\000G\000A\000\040\116\016\000\040\000U\000C\000S\000C\000\040\000X\000e\000n\000a\000\040\145\160\143\156\215\104\156\220}{section.3}% 14
\BOOKMARK [2][-]{subsection.3.2}{\376\377\000R\000N\000A\000-\000s\000e\000q\000\040\145\160\143\156\162\171\160\271}{section.3}% 15
\BOOKMARK [2][-]{subsection.3.3}{\376\377\000D\000N\000A\000\040\165\062\127\372\123\026\145\160\143\156\162\171\160\271}{section.3}% 16
\BOOKMARK [2][-]{subsection.3.4}{\376\377\116\064\136\212\150\007\173\176\116\016\150\067\147\054\133\371\237\120}{section.3}% 17
\BOOKMARK [2][-]{subsection.3.5}{\376\377\213\255\176\303\000-\155\113\213\325\122\022\122\006\116\016\226\062\154\304\227\062\123\237\122\031}{section.3}% 18
\BOOKMARK [2][-]{subsection.3.6}{\376\377\150\007\173\176\146\040\134\004}{section.3}% 19
\BOOKMARK [2][-]{subsection.3.7}{\376\377\150\067\147\054\122\006\136\003\176\337\213\241}{section.3}% 20
\BOOKMARK [1][-]{section.4}{\376\377\145\271\154\325}{}% 21
\BOOKMARK [2][-]{subsection.4.1}{\376\377\173\046\123\367\213\364\146\016\116\016\145\160\133\146\176\246\133\232}{section.4}% 22
\BOOKMARK [2][-]{subsection.4.2}{\376\377\140\073\117\123\155\101\172\013}{section.4}% 23
\BOOKMARK [2][-]{subsection.4.3}{\376\377\145\160\143\156\230\204\131\004\164\006\116\016\162\171\137\201\135\345\172\013}{section.4}% 24
\BOOKMARK [3][-]{subsubsection.4.3.1}{\376\377\000R\000N\000A\000-\000s\000e\000q\000\040\133\371\145\160\123\330\143\142\116\016\150\007\121\306\123\026}{subsection.4.3}% 25
\BOOKMARK [3][-]{subsubsection.4.3.2}{\376\377\232\330\145\271\135\356\162\171\137\201\173\133\220\011}{subsection.4.3}% 26
\BOOKMARK [2][-]{subsection.4.4}{\376\377\126\333\171\315\207\215\124\010\145\271\154\325\133\232\116\111}{section.4}% 27
\BOOKMARK [3][-]{subsubsection.4.4.1}{\376\377\000R\000N\000A\000-\000o\000n\000l\000y\000\040\123\125\152\041\140\001\127\372\176\277}{subsection.4.4}% 28
\BOOKMARK [3][-]{subsubsection.4.4.2}{\376\377\000C\000o\000n\000c\000a\000t\000\040\145\351\147\037\207\215\124\010}{subsection.4.4}% 29
\BOOKMARK [3][-]{subsubsection.4.4.3}{\376\377\000M\000O\000F\000A\000\040\157\134\127\050\126\340\133\120\207\215\124\010}{subsection.4.4}% 30
\BOOKMARK [3][-]{subsubsection.4.4.4}{\376\377\000S\000t\000a\000c\000k\000i\000n\000g\000\040\146\132\147\037\226\306\142\020\207\215\124\010}{subsection.4.4}% 31
\BOOKMARK [2][-]{subsection.4.5}{\376\377\000S\000V\000M\000\040\122\006\174\173\126\150\116\016\117\030\123\026\166\356\150\007}{section.4}% 32
\BOOKMARK [2][-]{subsection.4.6}{\376\377\122\006\174\173\213\304\116\367\143\007\150\007}{section.4}% 33
\BOOKMARK [2][-]{subsection.4.7}{\376\377\120\117\120\032\143\247\122\066\116\016\123\357\131\015\163\260\140\047}{section.4}% 34
\BOOKMARK [2][-]{subsection.4.8}{\376\377\147\054\170\024\172\166\166\204\122\033\145\260\160\271\133\232\117\115}{section.4}% 35
\BOOKMARK [1][-]{section.5}{\376\377\133\236\232\214\213\276\177\156}{}% 36
\BOOKMARK [2][-]{subsection.5.1}{\376\377\133\236\232\214\166\356\150\007\116\016\171\321\133\146\225\356\230\230}{section.5}% 37
\BOOKMARK [2][-]{subsection.5.2}{\376\377\213\376\172\013\116\373\122\241\133\371\161\147\116\016\133\214\142\020\136\246\133\241\213\241}{section.5}% 38
\BOOKMARK [2][-]{subsection.5.3}{\376\377\145\160\143\156\147\145\156\220\116\016\116\373\122\241\133\232\116\111}{section.5}% 39
\BOOKMARK [2][-]{subsection.5.4}{\376\377\213\304\117\060\123\117\213\256\116\016\176\337\213\241\145\271\154\325}{section.5}% 40
\BOOKMARK [2][-]{subsection.5.5}{\376\377\122\006\174\173\126\150\220\011\142\351\116\016\176\337\116\000\140\047\200\003\221\317}{section.5}% 41
\BOOKMARK [2][-]{subsection.5.6}{\376\377\133\236\232\214\121\145\123\343\116\016\217\320\210\114\145\271\137\017}{section.5}% 42
\BOOKMARK [2][-]{subsection.5.7}{\376\377\176\323\147\234\211\343\221\312\123\237\122\031\116\016\134\100\226\120\140\047\130\360\146\016}{section.5}% 43
\BOOKMARK [1][-]{section.6}{\376\377\176\323\147\234\176\337\213\241\150\106\147\266}{}% 44
\BOOKMARK [2][-]{subsection.6.1}{\376\377\213\304\117\060\123\237\122\031}{section.6}% 45
\BOOKMARK [2][-]{subsection.6.2}{\376\377\176\337\213\241\221\317\133\232\116\111}{section.6}% 46
\BOOKMARK [2][-]{subsection.6.3}{\376\377\153\324\217\203\123\237\122\031}{section.6}% 47
\BOOKMARK [2][-]{subsection.6.4}{\376\377\146\076\204\127\140\047\150\300\232\214\213\364\146\016}{section.6}% 48
\BOOKMARK [2][-]{subsection.6.5}{\376\377\131\032\143\007\150\007\176\337\213\241\176\323\147\234}{section.6}% 49
\BOOKMARK [2][-]{subsection.6.6}{\376\377\131\032\143\007\150\007\177\156\143\142\150\300\232\214}{section.6}% 50
\BOOKMARK [2][-]{subsection.6.7}{\376\377\164\006\213\272\122\006\147\220}{section.6}% 51
\BOOKMARK [1][-]{section.7}{\376\377\176\323\147\234\116\016\123\357\211\306\123\026\122\006\147\220}{}% 52
\BOOKMARK [2][-]{subsection.7.1}{\376\377\116\073\133\236\232\214\176\323\147\234\154\107\140\073\377\010\116\045\150\074\000\040\000C\000V\377\011}{section.7}% 53
\BOOKMARK [2][-]{subsection.7.2}{\376\377\140\047\200\375\135\356\137\002\211\343\221\312}{section.7}% 54
\BOOKMARK [2][-]{subsection.7.3}{\376\377\123\357\211\306\123\026\213\301\143\156}{section.7}% 55
\BOOKMARK [2][-]{subsection.7.4}{\376\377\174\173\122\053\176\247\213\357\135\356\122\006\147\220}{section.7}% 56
\BOOKMARK [2][-]{subsection.7.5}{\376\377\121\163\225\056\145\160\120\074\123\321\163\260\154\107\140\073}{section.7}% 57
\BOOKMARK [3][-]{subsubsection.7.5.1}{\376\377\162\171\137\201\176\364\136\246\145\117\141\037\140\047}{subsection.7.5}% 58
\BOOKMARK [3][-]{subsubsection.7.5.2}{\376\377\000C\000V\000\040\123\302\145\160\145\117\141\037\140\047}{subsection.7.5}% 59
\BOOKMARK [3][-]{subsubsection.7.5.3}{\376\377\000M\000O\000F\000A\000\040\126\340\133\120\145\160\145\117\141\037\140\047}{subsection.7.5}% 60
\BOOKMARK [3][-]{subsubsection.7.5.4}{\376\377\000S\000t\000a\000c\000k\000i\000n\000g\000\040\123\330\117\123\121\150\227\142\133\371\153\324}{subsection.7.5}% 61
\BOOKMARK [2][-]{subsection.7.6}{\376\377\134\017\176\323}{section.7}% 62
\BOOKMARK [1][-]{section.8}{\376\377\213\250\213\272}{}% 63
\BOOKMARK [2][-]{subsection.8.1}{\376\377\145\271\154\325\135\356\137\002\166\204\155\361\134\102\211\343\221\312\116\016\164\006\213\272\211\306\211\322}{section.8}% 64
\BOOKMARK [2][-]{subsection.8.2}{\376\377\131\061\215\045\150\110\117\213\155\361\136\246\122\006\147\220\377\032\000S\000t\000a\000c\000k\000i\000n\000g\166\204\174\373\176\337\140\047\153\040\142\337\124\010}{section.8}% 65
\BOOKMARK [2][-]{subsection.8.3}{\376\377\174\173\122\053\176\247\213\357\135\356\122\006\147\220\116\016\165\037\162\151\133\146\124\057\171\072}{section.8}% 66
\BOOKMARK [2][-]{subsection.8.4}{\376\377\176\323\147\234\166\204\123\357\117\341\136\246\116\016\176\337\213\241\122\237\145\110\200\003\221\317}{section.8}% 67
\BOOKMARK [2][-]{subsection.8.5}{\376\377\116\016\163\260\147\011\145\207\163\056\166\204\133\371\153\324\116\016\133\232\117\115}{section.8}% 68
\BOOKMARK [2][-]{subsection.8.6}{\376\377\137\123\122\115\134\100\226\120\140\047\116\016\145\071\217\333\145\271\124\021}{section.8}% 69
\BOOKMARK [2][-]{subsection.8.7}{\376\377\147\052\147\145\135\345\117\134\134\125\147\033}{section.8}% 70
\BOOKMARK [1][-]{section.9}{\376\377\176\323\213\272}{}% 71
\BOOKMARK [2][-]{subsection.9.1}{\376\377\116\073\211\201\215\041\163\056}{section.9}% 72
\BOOKMARK [2][-]{subsection.9.2}{\376\377\164\006\213\272\116\367\120\074\116\016\133\236\215\365\141\017\116\111}{section.9}% 73
\BOOKMARK [2][-]{subsection.9.3}{\376\377\122\033\145\260\140\047\217\271\165\114\130\360\146\016}{section.9}% 74
\BOOKMARK [2][-]{subsection.9.4}{\376\377\134\100\226\120\140\047\130\360\146\016}{section.9}% 75
\BOOKMARK [2][-]{subsection.9.5}{\376\377\147\052\147\145\134\125\147\033}{section.9}% 76
\BOOKMARK [1][-]{section.10}{\376\377\123\302\200\003\145\207\163\056}{}% 77
